Traceback (most recent call last):
  File "/opt/hostedtoolcache/Python/3.8.12/x64/lib/python3.8/site-packages/jupyter_cache/executors/utils.py", line 51, in single_nb_execution
    executenb(
  File "/opt/hostedtoolcache/Python/3.8.12/x64/lib/python3.8/site-packages/nbclient/client.py", line 1085, in execute
    return NotebookClient(nb=nb, resources=resources, km=km, **kwargs).execute()
  File "/opt/hostedtoolcache/Python/3.8.12/x64/lib/python3.8/site-packages/nbclient/util.py", line 84, in wrapped
    return just_run(coro(*args, **kwargs))
  File "/opt/hostedtoolcache/Python/3.8.12/x64/lib/python3.8/site-packages/nbclient/util.py", line 62, in just_run
    return loop.run_until_complete(coro)
  File "/opt/hostedtoolcache/Python/3.8.12/x64/lib/python3.8/asyncio/base_events.py", line 616, in run_until_complete
    return future.result()
  File "/opt/hostedtoolcache/Python/3.8.12/x64/lib/python3.8/site-packages/nbclient/client.py", line 551, in async_execute
    await self.async_execute_cell(
  File "/opt/hostedtoolcache/Python/3.8.12/x64/lib/python3.8/site-packages/nbclient/client.py", line 846, in async_execute_cell
    self._check_raise_for_error(cell, exec_reply)
  File "/opt/hostedtoolcache/Python/3.8.12/x64/lib/python3.8/site-packages/nbclient/client.py", line 748, in _check_raise_for_error
    raise CellExecutionError.from_cell_and_msg(cell, exec_reply_content)
nbclient.exceptions.CellExecutionError: An error occurred while executing the following cell:
------------------
# calculate difference between measured and reference values
index_list = numpy.arange(76,121)
ref_DRO = r1_ref[index_list]
r1_MJT_DRO = r1_MJT[index_list]
r1_Mcgill_DRO = r1_Mcgill[index_list]
r1_ST_DRO = r1_ST[index_list]
r1_OG_DRO = r1_OG[index_list]

diff_MJT = r1_MJT_DRO - ref_DRO
diff_Mcgill = r1_Mcgill_DRO - ref_DRO
diff_ST = r1_ST_DRO - ref_DRO
diff_OG = r1_OG_DRO - ref_DRO

pyplot.figure(1)
pyplot.plot(ref_DRO, diff_MJT, "ob", label=label_MJT)
pyplot.plot(ref_DRO, diff_Mcgill,"or",label=label_Mcgill)
pyplot.plot(ref_DRO, diff_ST,"og",label=label_ST)
pyplot.plot(ref_DRO, diff_OG,"om",label=label_OG)
pyplot.title('Differences for DRO data')
pyplot.xlabel('$r1_{ref}$ ($s^{-1}$)', fontsize=14)
pyplot.ylabel('$\Delta r1$ ($s^{-1}$)', fontsize=14)
pyplot.legend()
pyplot.show()
------------------

[0;31m---------------------------------------------------------------------------[0m
[0;31mTypeError[0m                                 Traceback (most recent call last)
[0;32m/opt/hostedtoolcache/Python/3.8.12/x64/lib/python3.8/site-packages/pandas/core/ops/array_ops.py[0m in [0;36m_na_arithmetic_op[0;34m(left, right, op, is_cmp)[0m
[1;32m    162[0m     [0;32mtry[0m[0;34m:[0m[0;34m[0m[0;34m[0m[0m
[0;32m--> 163[0;31m         [0mresult[0m [0;34m=[0m [0mfunc[0m[0;34m([0m[0mleft[0m[0;34m,[0m [0mright[0m[0;34m)[0m[0;34m[0m[0;34m[0m[0m
[0m[1;32m    164[0m     [0;32mexcept[0m [0mTypeError[0m[0;34m:[0m[0;34m[0m[0;34m[0m[0m

[0;32m/opt/hostedtoolcache/Python/3.8.12/x64/lib/python3.8/site-packages/pandas/core/computation/expressions.py[0m in [0;36mevaluate[0;34m(op, a, b, use_numexpr)[0m
[1;32m    238[0m             [0;31m# error: "None" not callable[0m[0;34m[0m[0;34m[0m[0;34m[0m[0m
[0;32m--> 239[0;31m             [0;32mreturn[0m [0m_evaluate[0m[0;34m([0m[0mop[0m[0;34m,[0m [0mop_str[0m[0;34m,[0m [0ma[0m[0;34m,[0m [0mb[0m[0;34m)[0m  [0;31m# type: ignore[misc][0m[0;34m[0m[0;34m[0m[0m
[0m[1;32m    240[0m     [0;32mreturn[0m [0m_evaluate_standard[0m[0;34m([0m[0mop[0m[0;34m,[0m [0mop_str[0m[0;34m,[0m [0ma[0m[0;34m,[0m [0mb[0m[0;34m)[0m[0;34m[0m[0;34m[0m[0m

[0;32m/opt/hostedtoolcache/Python/3.8.12/x64/lib/python3.8/site-packages/pandas/core/computation/expressions.py[0m in [0;36m_evaluate_standard[0;34m(op, op_str, a, b)[0m
[1;32m     68[0m         [0m_store_test_result[0m[0;34m([0m[0;32mFalse[0m[0;34m)[0m[0;34m[0m[0;34m[0m[0m
[0;32m---> 69[0;31m     [0;32mreturn[0m [0mop[0m[0;34m([0m[0ma[0m[0;34m,[0m [0mb[0m[0;34m)[0m[0;34m[0m[0;34m[0m[0m
[0m[1;32m     70[0m [0;34m[0m[0m

[0;31mTypeError[0m: unsupported operand type(s) for -: 'str' and 'float'

During handling of the above exception, another exception occurred:

[0;31mTypeError[0m                                 Traceback (most recent call last)
[0;32m/tmp/ipykernel_1964/536595609.py[0m in [0;36m<module>[0;34m[0m
[1;32m     10[0m [0mdiff_Mcgill[0m [0;34m=[0m [0mr1_Mcgill_DRO[0m [0;34m-[0m [0mref_DRO[0m[0;34m[0m[0;34m[0m[0m
[1;32m     11[0m [0mdiff_ST[0m [0;34m=[0m [0mr1_ST_DRO[0m [0;34m-[0m [0mref_DRO[0m[0;34m[0m[0;34m[0m[0m
[0;32m---> 12[0;31m [0mdiff_OG[0m [0;34m=[0m [0mr1_OG_DRO[0m [0;34m-[0m [0mref_DRO[0m[0;34m[0m[0;34m[0m[0m
[0m[1;32m     13[0m [0;34m[0m[0m
[1;32m     14[0m [0mpyplot[0m[0;34m.[0m[0mfigure[0m[0;34m([0m[0;36m1[0m[0;34m)[0m[0;34m[0m[0;34m[0m[0m

[0;32m/opt/hostedtoolcache/Python/3.8.12/x64/lib/python3.8/site-packages/pandas/core/ops/common.py[0m in [0;36mnew_method[0;34m(self, other)[0m
[1;32m     68[0m         [0mother[0m [0;34m=[0m [0mitem_from_zerodim[0m[0;34m([0m[0mother[0m[0;34m)[0m[0;34m[0m[0;34m[0m[0m
[1;32m     69[0m [0;34m[0m[0m
[0;32m---> 70[0;31m         [0;32mreturn[0m [0mmethod[0m[0;34m([0m[0mself[0m[0;34m,[0m [0mother[0m[0;34m)[0m[0;34m[0m[0;34m[0m[0m
[0m[1;32m     71[0m [0;34m[0m[0m
[1;32m     72[0m     [0;32mreturn[0m [0mnew_method[0m[0;34m[0m[0;34m[0m[0m

[0;32m/opt/hostedtoolcache/Python/3.8.12/x64/lib/python3.8/site-packages/pandas/core/arraylike.py[0m in [0;36m__sub__[0;34m(self, other)[0m
[1;32m    106[0m     [0;34m@[0m[0munpack_zerodim_and_defer[0m[0;34m([0m[0;34m"__sub__"[0m[0;34m)[0m[0;34m[0m[0;34m[0m[0m
[1;32m    107[0m     [0;32mdef[0m [0m__sub__[0m[0;34m([0m[0mself[0m[0;34m,[0m [0mother[0m[0;34m)[0m[0;34m:[0m[0;34m[0m[0;34m[0m[0m
[0;32m--> 108[0;31m         [0;32mreturn[0m [0mself[0m[0;34m.[0m[0m_arith_method[0m[0;34m([0m[0mother[0m[0;34m,[0m [0moperator[0m[0;34m.[0m[0msub[0m[0;34m)[0m[0;34m[0m[0;34m[0m[0m
[0m[1;32m    109[0m [0;34m[0m[0m
[1;32m    110[0m     [0;34m@[0m[0munpack_zerodim_and_defer[0m[0;34m([0m[0;34m"__rsub__"[0m[0;34m)[0m[0;34m[0m[0;34m[0m[0m

[0;32m/opt/hostedtoolcache/Python/3.8.12/x64/lib/python3.8/site-packages/pandas/core/series.py[0m in [0;36m_arith_method[0;34m(self, other, op)[0m
[1;32m   5634[0m     [0;32mdef[0m [0m_arith_method[0m[0;34m([0m[0mself[0m[0;34m,[0m [0mother[0m[0;34m,[0m [0mop[0m[0;34m)[0m[0;34m:[0m[0;34m[0m[0;34m[0m[0m
[1;32m   5635[0m         [0mself[0m[0;34m,[0m [0mother[0m [0;34m=[0m [0mops[0m[0;34m.[0m[0malign_method_SERIES[0m[0;34m([0m[0mself[0m[0;34m,[0m [0mother[0m[0;34m)[0m[0;34m[0m[0;34m[0m[0m
[0;32m-> 5636[0;31m         [0;32mreturn[0m [0mbase[0m[0;34m.[0m[0mIndexOpsMixin[0m[0;34m.[0m[0m_arith_method[0m[0;34m([0m[0mself[0m[0;34m,[0m [0mother[0m[0;34m,[0m [0mop[0m[0;34m)[0m[0;34m[0m[0;34m[0m[0m
[0m[1;32m   5637[0m [0;34m[0m[0m
[1;32m   5638[0m [0;34m[0m[0m

[0;32m/opt/hostedtoolcache/Python/3.8.12/x64/lib/python3.8/site-packages/pandas/core/base.py[0m in [0;36m_arith_method[0;34m(self, other, op)[0m
[1;32m   1293[0m [0;34m[0m[0m
[1;32m   1294[0m         [0;32mwith[0m [0mnp[0m[0;34m.[0m[0merrstate[0m[0;34m([0m[0mall[0m[0;34m=[0m[0;34m"ignore"[0m[0;34m)[0m[0;34m:[0m[0;34m[0m[0;34m[0m[0m
[0;32m-> 1295[0;31m             [0mresult[0m [0;34m=[0m [0mops[0m[0;34m.[0m[0marithmetic_op[0m[0;34m([0m[0mlvalues[0m[0;34m,[0m [0mrvalues[0m[0;34m,[0m [0mop[0m[0;34m)[0m[0;34m[0m[0;34m[0m[0m
[0m[1;32m   1296[0m [0;34m[0m[0m
[1;32m   1297[0m         [0;32mreturn[0m [0mself[0m[0;34m.[0m[0m_construct_result[0m[0;34m([0m[0mresult[0m[0;34m,[0m [0mname[0m[0;34m=[0m[0mres_name[0m[0;34m)[0m[0;34m[0m[0;34m[0m[0m

[0;32m/opt/hostedtoolcache/Python/3.8.12/x64/lib/python3.8/site-packages/pandas/core/ops/array_ops.py[0m in [0;36marithmetic_op[0;34m(left, right, op)[0m
[1;32m    220[0m         [0m_bool_arith_check[0m[0;34m([0m[0mop[0m[0;34m,[0m [0mleft[0m[0;34m,[0m [0mright[0m[0;34m)[0m[0;34m[0m[0;34m[0m[0m
[1;32m    221[0m [0;34m[0m[0m
[0;32m--> 222[0;31m         [0mres_values[0m [0;34m=[0m [0m_na_arithmetic_op[0m[0;34m([0m[0mleft[0m[0;34m,[0m [0mright[0m[0;34m,[0m [0mop[0m[0;34m)[0m[0;34m[0m[0;34m[0m[0m
[0m[1;32m    223[0m [0;34m[0m[0m
[1;32m    224[0m     [0;32mreturn[0m [0mres_values[0m[0;34m[0m[0;34m[0m[0m

[0;32m/opt/hostedtoolcache/Python/3.8.12/x64/lib/python3.8/site-packages/pandas/core/ops/array_ops.py[0m in [0;36m_na_arithmetic_op[0;34m(left, right, op, is_cmp)[0m
[1;32m    168[0m             [0;31m# Don't do this for comparisons, as that will handle complex numbers[0m[0;34m[0m[0;34m[0m[0;34m[0m[0m
[1;32m    169[0m             [0;31m#  incorrectly, see GH#32047[0m[0;34m[0m[0;34m[0m[0;34m[0m[0m
[0;32m--> 170[0;31m             [0mresult[0m [0;34m=[0m [0m_masked_arith_op[0m[0;34m([0m[0mleft[0m[0;34m,[0m [0mright[0m[0;34m,[0m [0mop[0m[0;34m)[0m[0;34m[0m[0;34m[0m[0m
[0m[1;32m    171[0m         [0;32melse[0m[0;34m:[0m[0;34m[0m[0;34m[0m[0m
[1;32m    172[0m             [0;32mraise[0m[0;34m[0m[0;34m[0m[0m

[0;32m/opt/hostedtoolcache/Python/3.8.12/x64/lib/python3.8/site-packages/pandas/core/ops/array_ops.py[0m in [0;36m_masked_arith_op[0;34m(x, y, op)[0m
[1;32m    106[0m         [0;31m# See GH#5284, GH#5035, GH#19448 for historical reference[0m[0;34m[0m[0;34m[0m[0;34m[0m[0m
[1;32m    107[0m         [0;32mif[0m [0mmask[0m[0;34m.[0m[0many[0m[0;34m([0m[0;34m)[0m[0;34m:[0m[0;34m[0m[0;34m[0m[0m
[0;32m--> 108[0;31m             [0mresult[0m[0;34m[[0m[0mmask[0m[0;34m][0m [0;34m=[0m [0mop[0m[0;34m([0m[0mxrav[0m[0;34m[[0m[0mmask[0m[0;34m][0m[0;34m,[0m [0myrav[0m[0;34m[[0m[0mmask[0m[0;34m][0m[0;34m)[0m[0;34m[0m[0;34m[0m[0m
[0m[1;32m    109[0m [0;34m[0m[0m
[1;32m    110[0m     [0;32melse[0m[0;34m:[0m[0;34m[0m[0;34m[0m[0m

[0;31mTypeError[0m: unsupported operand type(s) for -: 'str' and 'float'
TypeError: unsupported operand type(s) for -: 'str' and 'float'

